
> ozzyl-guard@0.1.0 typecheck
> turbo run typecheck


Attention:
Turborepo now collects completely anonymous telemetry regarding usage.
This information is used to shape the Turborepo roadmap and prioritize features.
You can learn more, including how to opt-out if you'd not like to participate in this anonymous program, by visiting the following URL:
https://turborepo.dev/docs/telemetry


   • Packages in scope: @ozzyl/admin, @ozzyl/api, @ozzyl/authentication, @ozzyl/billing, @ozzyl/courier-adapters, @ozzyl/courier-session-worker, @ozzyl/courier-sync-worker, @ozzyl/custom-js-integration, @ozzyl/dashboard, @ozzyl/database, @ozzyl/encryption, @ozzyl/event-worker, @ozzyl/multi-store-saas-integration, @ozzyl/risk-engine, @ozzyl/sdk, @ozzyl/shared-types, @ozzyl/shopify-integration, @ozzyl/verification, @ozzyl/verification-worker
   • Running typecheck in 19 packages
   • Remote caching disabled

::group::@ozzyl/verification:typecheck
cache miss, executing a67b3571a0209208

> @ozzyl/verification@0.1.0 typecheck
> tsc -p tsconfig.json --noEmit

::endgroup::
::group::@ozzyl/authentication:typecheck
cache miss, executing 1d99675fba6f61ea

> @ozzyl/authentication@0.1.0 typecheck
> tsc -p tsconfig.json --noEmit

::endgroup::
::group::@ozzyl/courier-adapters:typecheck
cache miss, executing 74bad2d613670a40

> @ozzyl/courier-adapters@0.1.0 typecheck
> tsc -p tsconfig.json --noEmit

::endgroup::
::group::@ozzyl/billing:typecheck
cache miss, executing dd597f427e9137cb

> @ozzyl/billing@0.1.0 typecheck
> tsc -p tsconfig.json --noEmit

::endgroup::
[;31m@ozzyl/encryption:typecheck[;0m
cache miss, executing 93d29bb42e981088

> @ozzyl/encryption@0.1.0 typecheck
> tsc -p tsconfig.json --noEmit

src/index.ts(194,11): error TS2322: Type 'CipherGCMTypes' is not assignable to type '"aes-256-gcm"'.
  Type '"aes-128-gcm"' is not assignable to type '"aes-256-gcm"'.
src/index.ts(259,7): error TS2322: Type 'CipherGCMTypes' is not assignable to type '"aes-256-gcm"'.
  Type '"aes-128-gcm"' is not assignable to type '"aes-256-gcm"'.
src/index.ts(336,7): error TS2322: Type 'CipherGCMTypes' is not assignable to type '"aes-256-gcm"'.
  Type '"aes-128-gcm"' is not assignable to type '"aes-256-gcm"'.
src/index.ts(346,7): error TS2322: Type 'CipherGCMTypes' is not assignable to type '"aes-256-gcm"'.
  Type '"aes-128-gcm"' is not assignable to type '"aes-256-gcm"'.
src/index.ts(420,5): error TS2322: Type 'CipherGCMTypes' is not assignable to type '"aes-256-gcm"'.
  Type '"aes-128-gcm"' is not assignable to type '"aes-256-gcm"'.
npm error Lifecycle script `typecheck` failed with error:
npm error code 2
npm error path /home/runner/work/ozzyl-guard/ozzyl-guard/packages/encryption
npm error workspace @ozzyl/encryption@0.1.0
npm error location /home/runner/work/ozzyl-guard/ozzyl-guard/packages/encryption
npm error command failed
npm error command sh -c tsc -p tsconfig.json --noEmit
::group::@ozzyl/shared-types:typecheck
cache miss, executing d4f56e8cfe7fb08c

> @ozzyl/shared-types@0.1.0 typecheck
> tsc -p tsconfig.json --noEmit

::endgroup::
::group::@ozzyl/database:typecheck
cache miss, executing 217805776704fab6

> @ozzyl/database@0.1.0 typecheck
> tsc -p tsconfig.json --noEmit

::endgroup::
::error::command (/home/runner/work/ozzyl-guard/ozzyl-guard/packages/encryption) /opt/hostedtoolcache/node/20.20.2/x64/bin/npm run typecheck exited (2)
@ozzyl/encryption#typecheck:  ERROR  command (/home/runner/work/ozzyl-guard/ozzyl-guard/packages/encryption) /opt/hostedtoolcache/node/20.20.2/x64/bin/npm run typecheck exited (2)

 Tasks:    4 successful, 7 total
Cached:    0 cached, 7 total
  Time:    7.45s 
Failed:    @ozzyl/encryption#typecheck

 ERROR  run failed: command  exited (2)
